<?xml version="1.0" encoding="UTF-8"?>
<!-- Generated by org.testng.reporters.JUnitXMLReporter -->
<testsuite ignored="0" hostname="Dinesh" failures="0" tests="2" name="CRM PRO App Test Cases" time="1.73" errors="0" timestamp="2021-01-16T12:45:30 IST">
  <testcase classname="com.crm.qa.testcases.LoginTest" name="@BeforeMethod setup" time="1.606">
    <failure type="org.openqa.selenium.WebDriverException" message="unknown error: cannot find Chrome binary
Build info: version: &amp;apos;3.141.5&amp;apos;, revision: &amp;apos;d54ebd709a&amp;apos;, time: &amp;apos;2018-11-06T11:42:16&amp;apos;
System info: host: &amp;apos;DINESH&amp;apos;, ip: &amp;apos;192.168.8.100&amp;apos;, os.name: &amp;apos;Windows 10&amp;apos;, os.arch: &amp;apos;amd64&amp;apos;, os.version: &amp;apos;10.0&amp;apos;, java.version: &amp;apos;15.0.1&amp;apos;
Driver info: driver.version: ChromeDriver
remote stacktrace: Backtrace:
	Ordinal0 [0x00E89F93+1548179]
	Ordinal0 [0x00E0DC51+1039441]
	Ordinal0 [0x00D8E495+517269]
	Ordinal0 [0x00D1C0F1+49393]
	Ordinal0 [0x00D3B797+178071]
	Ordinal0 [0x00D3B59D+177565]
	Ordinal0 [0x00D395FB+169467]
	Ordinal0 [0x00D2160A+71178]
	Ordinal0 [0x00D22690+75408]
	Ordinal0 [0x00D22629+75305]
	Ordinal0 [0x00E27047+1142855]
	GetHandleVerifier [0x00F22996+507766]
	GetHandleVerifier [0x00F226B4+507028]
	GetHandleVerifier [0x00F29D97+537463]
	GetHandleVerifier [0x00F23252+510002]
	Ordinal0 [0x00E1F12C+1110316]
	Ordinal0 [0x00E2921B+1151515]
	Ordinal0 [0x00E29383+1151875]
	Ordinal0 [0x00E28285+1147525]
	BaseThreadInitThunk [0x7637FA29+25]
	RtlGetAppContainerNamedObjectPath [0x77BB75F4+228]
	RtlGetAppContainerNamedObjectPath [0x77BB75C4+180]
">
      <![CDATA[org.openqa.selenium.WebDriverException: unknown error: cannot find Chrome binary
Build info: version: '3.141.5', revision: 'd54ebd709a', time: '2018-11-06T11:42:16'
System info: host: 'DINESH', ip: '192.168.8.100', os.name: 'Windows 10', os.arch: 'amd64', os.version: '10.0', java.version: '15.0.1'
Driver info: driver.version: ChromeDriver
remote stacktrace: Backtrace:
Ordinal0 [0x00E89F93+1548179]
Ordinal0 [0x00E0DC51+1039441]
Ordinal0 [0x00D8E495+517269]
Ordinal0 [0x00D1C0F1+49393]
Ordinal0 [0x00D3B797+178071]
Ordinal0 [0x00D3B59D+177565]
Ordinal0 [0x00D395FB+169467]
Ordinal0 [0x00D2160A+71178]
Ordinal0 [0x00D22690+75408]
Ordinal0 [0x00D22629+75305]
Ordinal0 [0x00E27047+1142855]
GetHandleVerifier [0x00F22996+507766]
GetHandleVerifier [0x00F226B4+507028]
GetHandleVerifier [0x00F29D97+537463]
GetHandleVerifier [0x00F23252+510002]
Ordinal0 [0x00E1F12C+1110316]
Ordinal0 [0x00E2921B+1151515]
Ordinal0 [0x00E29383+1151875]
Ordinal0 [0x00E28285+1147525]
BaseThreadInitThunk [0x7637FA29+25]
RtlGetAppContainerNamedObjectPath [0x77BB75F4+228]
RtlGetAppContainerNamedObjectPath [0x77BB75C4+180]

at org.openqa.selenium.remote.W3CHandshakeResponse.lambda$errorHandler$0(W3CHandshakeResponse.java:62)
at org.openqa.selenium.remote.HandshakeResponse.lambda$getResponseFunction$0(HandshakeResponse.java:30)
at org.openqa.selenium.remote.ProtocolHandshake.lambda$createSession$0(ProtocolHandshake.java:123)
at java.base/java.util.stream.ReferencePipeline$3$1.accept(ReferencePipeline.java:195)
at java.base/java.util.Spliterators$ArraySpliterator.tryAdvance(Spliterators.java:958)
at java.base/java.util.stream.ReferencePipeline.forEachWithCancel(ReferencePipeline.java:127)
at java.base/java.util.stream.AbstractPipeline.copyIntoWithCancel(AbstractPipeline.java:502)
at java.base/java.util.stream.AbstractPipeline.copyInto(AbstractPipeline.java:488)
at java.base/java.util.stream.AbstractPipeline.wrapAndCopyInto(AbstractPipeline.java:474)
at java.base/java.util.stream.FindOps$FindOp.evaluateSequential(FindOps.java:150)
at java.base/java.util.stream.AbstractPipeline.evaluate(AbstractPipeline.java:234)
at java.base/java.util.stream.ReferencePipeline.findFirst(ReferencePipeline.java:543)
at org.openqa.selenium.remote.ProtocolHandshake.createSession(ProtocolHandshake.java:125)
at org.openqa.selenium.remote.ProtocolHandshake.createSession(ProtocolHandshake.java:74)
at org.openqa.selenium.remote.HttpCommandExecutor.execute(HttpCommandExecutor.java:136)
at org.openqa.selenium.remote.service.DriverCommandExecutor.execute(DriverCommandExecutor.java:83)
at org.openqa.selenium.remote.RemoteWebDriver.execute(RemoteWebDriver.java:552)
at org.openqa.selenium.remote.RemoteWebDriver.startSession(RemoteWebDriver.java:213)
at org.openqa.selenium.remote.RemoteWebDriver.<init>(RemoteWebDriver.java:131)
at org.openqa.selenium.chrome.ChromeDriver.<init>(ChromeDriver.java:181)
at org.openqa.selenium.chrome.ChromeDriver.<init>(ChromeDriver.java:168)
at org.openqa.selenium.chrome.ChromeDriver.<init>(ChromeDriver.java:123)
at com.crm.qa.base.BaseClass.initialize_driver(BaseClass.java:38)
at com.crm.qa.testcases.LoginTest.setup(LoginTest.java:23)
at java.base/java.util.ArrayList.forEach(ArrayList.java:1511)
... Removed 36 stack frames]]>
    </failure>
  </testcase> <!-- @BeforeMethod setup -->
  <testcase classname="com.crm.qa.testcases.LoginTest" name="@AfterMethod tear_down" time="-1.610781330088E9">
    <skipped/>
  </testcase> <!-- @AfterMethod tear_down -->
  <testcase classname="com.crm.qa.testcases.LoginTest" name="@BeforeMethod setup" time="-1.610781330092E9">
    <skipped/>
  </testcase> <!-- @BeforeMethod setup -->
  <testcase classname="com.crm.qa.testcases.LoginTest" name="@AfterMethod tear_down" time="-1.610781330116E9">
    <skipped/>
  </testcase> <!-- @AfterMethod tear_down -->
  <testcase classname="com.crm.qa.testcases.LoginTest" name="login_page_Test" time="0.0">
    <skipped/>
  </testcase> <!-- login_page_Test -->
  <testcase classname="com.crm.qa.testcases.LoginTest" name="login_to_App" time="0.0">
    <skipped/>
  </testcase> <!-- login_to_App -->
</testsuite> <!-- CRM PRO App Test Cases -->
