<?xml version="1.0" encoding="UTF-8"?>
<!-- Generated by org.testng.reporters.JUnitXMLReporter -->
<testsuite ignored="1" hostname="PCIN475022" failures="0" tests="1" name="Default test" time="33.666" errors="0" timestamp="2021-01-08T21:39:40 IST">
  <testcase classname="com.crm.qa.testcases.ContactsPageTest" name="selectAcontact" time="9.468"/>
  <testcase classname="com.crm.qa.testcases.ContactsPageTest" name="verifyContactsLabel" time="0.0">
    <ignored/>
  </testcase> <!-- verifyContactsLabel -->
</testsuite> <!-- Default test -->
