<?xml version="1.0" encoding="UTF-8"?>
<!-- Generated by org.testng.reporters.JUnitXMLReporter -->
<testsuite ignored="0" hostname="PCIN475022" failures="1" tests="2" name="Test" time="0.046" errors="0" timestamp="2021-01-08T18:09:39 IST">
  <testcase classname="com.crm.qa.testcases.LoginTest" name="@BeforeMethod setup" time="0.01">
    <failure type="java.lang.NullPointerException">
      <![CDATA[java.lang.NullPointerException
at com.crm.qa.base.BaseClass.initialize_driver(BaseClass.java:34)
at com.crm.qa.testcases.LoginTest.setup(LoginTest.java:21)
at java.base/java.util.ArrayList.forEach(ArrayList.java:1540)
... Removed 31 stack frames]]>
    </failure>
  </testcase> <!-- @BeforeMethod setup -->
  <testcase classname="com.crm.qa.testcases.LoginTest" name="@AfterMethod tear_down" time="-1.610109578937E9">
    <skipped/>
  </testcase> <!-- @AfterMethod tear_down -->
  <testcase classname="com.crm.qa.testcases.LoginTest" name="login_page_Test" time="0.0">
    <skipped/>
  </testcase> <!-- login_page_Test -->
  <testcase classname="com.crm.qa.testcases.LoginTest" name="logintoApp" time="0.0">
    <failure type="org.testng.TestNGException" message="
Cannot inject @Test annotated Method [logintoApp] with [class java.lang.String, class java.lang.String].
For more information on native dependency injection please refer to http://testng.org/doc/documentation-main.html#native-dependency-injection">
      <![CDATA[org.testng.TestNGException: 
Cannot inject @Test annotated Method [logintoApp] with [class java.lang.String, class java.lang.String].
For more information on native dependency injection please refer to http://testng.org/doc/documentation-main.html#native-dependency-injection
at java.base/java.util.ArrayList.forEach(ArrayList.java:1540)
... Removed 26 stack frames]]>
    </failure>
  </testcase> <!-- logintoApp -->
</testsuite> <!-- Test -->
