<?xml version="1.0" encoding="UTF-8"?>
<testng-results ignored="1" total="2" passed="0" failed="1" skipped="0">
  <reporter-output>
  </reporter-output>
  <suite started-at="2021-01-13T20:59:06 IST" name="Default suite" finished-at="2021-01-13T21:01:00 IST" duration-ms="114238">
    <groups>
    </groups>
    <test started-at="2021-01-13T20:59:06 IST" name="Default test" finished-at="2021-01-13T21:01:00 IST" duration-ms="114238">
      <class name="com.crm.qa.testcases.ContactsPageTest">
        <test-method is-config="true" signature="setup()[pri:0, instance:com.crm.qa.testcases.ContactsPageTest@5939a379]" started-at="2021-01-13T20:59:06 IST" name="setup" finished-at="2021-01-13T20:59:38 IST" duration-ms="32334" status="PASS">
          <reporter-output>
          </reporter-output>
        </test-method> <!-- setup -->
        <test-method signature="selectAcontact()[pri:0, instance:com.crm.qa.testcases.ContactsPageTest@5939a379]" started-at="2021-01-13T20:59:38 IST" name="selectAcontact" finished-at="2021-01-13T21:00:58 IST" duration-ms="80042" status="FAIL">
          <exception class="org.openqa.selenium.NoSuchElementException">
            <message>
              <![CDATA[no such element: Unable to locate element: {"method":"xpath","selector":"//a[text()='Demo User']//parent::td[@class='datalistrow']//preceding-sibling::td[@class='datalistrow']//input[@name='contact_id']"}
  (Session info: chrome=79.0.3945.130)
For documentation on this error, please visit: http://seleniumhq.org/exceptions/no_such_element.html
Build info: version: '3.141.5', revision: 'd54ebd709a', time: '2018-11-06T11:42:16'
System info: host: 'PCIN475022', ip: '192.168.8.105', os.name: 'Windows 10', os.arch: 'amd64', os.version: '10.0', java.version: '11.0.3'
Driver info: org.openqa.selenium.chrome.ChromeDriver
Capabilities {acceptInsecureCerts: false, browserName: chrome, browserVersion: 79.0.3945.130, chrome: {chromedriverVersion: 79.0.3945.16 (93fcc21110c10..., userDataDir: C:\Users\625730\AppData\Loc...}, goog:chromeOptions: {debuggerAddress: localhost:61990}, javascriptEnabled: true, networkConnectionEnabled: false, pageLoadStrategy: normal, platform: WINDOWS, platformName: WINDOWS, proxy: Proxy(), setWindowRect: true, strictFileInteractability: false, timeouts: {implicit: 0, pageLoad: 300000, script: 30000}, unhandledPromptBehavior: dismiss and notify}
Session ID: 597a5a4d66eba51f227e0d2b66ed4da4
*** Element info: {Using=xpath, value=//a[text()='Demo User']//parent::td[@class='datalistrow']//preceding-sibling::td[@class='datalistrow']//input[@name='contact_id']}]]>
            </message>
            <full-stacktrace>
              <![CDATA[org.openqa.selenium.NoSuchElementException: no such element: Unable to locate element: {"method":"xpath","selector":"//a[text()='Demo User']//parent::td[@class='datalistrow']//preceding-sibling::td[@class='datalistrow']//input[@name='contact_id']"}
  (Session info: chrome=79.0.3945.130)
For documentation on this error, please visit: http://seleniumhq.org/exceptions/no_such_element.html
Build info: version: '3.141.5', revision: 'd54ebd709a', time: '2018-11-06T11:42:16'
System info: host: 'PCIN475022', ip: '192.168.8.105', os.name: 'Windows 10', os.arch: 'amd64', os.version: '10.0', java.version: '11.0.3'
Driver info: org.openqa.selenium.chrome.ChromeDriver
Capabilities {acceptInsecureCerts: false, browserName: chrome, browserVersion: 79.0.3945.130, chrome: {chromedriverVersion: 79.0.3945.16 (93fcc21110c10..., userDataDir: C:\Users\625730\AppData\Loc...}, goog:chromeOptions: {debuggerAddress: localhost:61990}, javascriptEnabled: true, networkConnectionEnabled: false, pageLoadStrategy: normal, platform: WINDOWS, platformName: WINDOWS, proxy: Proxy(), setWindowRect: true, strictFileInteractability: false, timeouts: {implicit: 0, pageLoad: 300000, script: 30000}, unhandledPromptBehavior: dismiss and notify}
Session ID: 597a5a4d66eba51f227e0d2b66ed4da4
*** Element info: {Using=xpath, value=//a[text()='Demo User']//parent::td[@class='datalistrow']//preceding-sibling::td[@class='datalistrow']//input[@name='contact_id']}
at java.base/jdk.internal.reflect.NativeConstructorAccessorImpl.newInstance0(Native Method)
at java.base/jdk.internal.reflect.NativeConstructorAccessorImpl.newInstance(NativeConstructorAccessorImpl.java:62)
at java.base/jdk.internal.reflect.DelegatingConstructorAccessorImpl.newInstance(DelegatingConstructorAccessorImpl.java:45)
at java.base/java.lang.reflect.Constructor.newInstance(Constructor.java:490)
at org.openqa.selenium.remote.http.W3CHttpResponseCodec.createException(W3CHttpResponseCodec.java:187)
at org.openqa.selenium.remote.http.W3CHttpResponseCodec.decode(W3CHttpResponseCodec.java:122)
at org.openqa.selenium.remote.http.W3CHttpResponseCodec.decode(W3CHttpResponseCodec.java:49)
at org.openqa.selenium.remote.HttpCommandExecutor.execute(HttpCommandExecutor.java:158)
at org.openqa.selenium.remote.service.DriverCommandExecutor.execute(DriverCommandExecutor.java:83)
at org.openqa.selenium.remote.RemoteWebDriver.execute(RemoteWebDriver.java:552)
at org.openqa.selenium.remote.RemoteWebDriver.findElement(RemoteWebDriver.java:323)
at org.openqa.selenium.remote.RemoteWebDriver.findElementByXPath(RemoteWebDriver.java:428)
at org.openqa.selenium.By$ByXPath.findElement(By.java:353)
at org.openqa.selenium.remote.RemoteWebDriver.findElement(RemoteWebDriver.java:315)
at com.crm.qa.pages.ContactsPage.selectContactsByName(ContactsPage.java:28)
at com.crm.qa.testcases.ContactsPageTest.selectAcontact(ContactsPageTest.java:45)
at java.base/jdk.internal.reflect.NativeMethodAccessorImpl.invoke0(Native Method)
at java.base/jdk.internal.reflect.NativeMethodAccessorImpl.invoke(NativeMethodAccessorImpl.java:62)
at java.base/jdk.internal.reflect.DelegatingMethodAccessorImpl.invoke(DelegatingMethodAccessorImpl.java:43)
at java.base/java.lang.reflect.Method.invoke(Method.java:566)
at org.testng.internal.MethodInvocationHelper.invokeMethod(MethodInvocationHelper.java:134)
at org.testng.internal.TestInvoker.invokeMethod(TestInvoker.java:597)
at org.testng.internal.TestInvoker.invokeTestMethod(TestInvoker.java:173)
at org.testng.internal.MethodRunner.runInSequence(MethodRunner.java:46)
at org.testng.internal.TestInvoker$MethodInvocationAgent.invoke(TestInvoker.java:816)
at org.testng.internal.TestInvoker.invokeTestMethods(TestInvoker.java:146)
at org.testng.internal.TestMethodWorker.invokeTestMethods(TestMethodWorker.java:146)
at org.testng.internal.TestMethodWorker.run(TestMethodWorker.java:128)
at java.base/java.util.ArrayList.forEach(ArrayList.java:1540)
at org.testng.TestRunner.privateRun(TestRunner.java:766)
at org.testng.TestRunner.run(TestRunner.java:587)
at org.testng.SuiteRunner.runTest(SuiteRunner.java:384)
at org.testng.SuiteRunner.runSequentially(SuiteRunner.java:378)
at org.testng.SuiteRunner.privateRun(SuiteRunner.java:337)
at org.testng.SuiteRunner.run(SuiteRunner.java:286)
at org.testng.SuiteRunnerWorker.runSuite(SuiteRunnerWorker.java:53)
at org.testng.SuiteRunnerWorker.run(SuiteRunnerWorker.java:96)
at org.testng.TestNG.runSuitesSequentially(TestNG.java:1187)
at org.testng.TestNG.runSuitesLocally(TestNG.java:1109)
at org.testng.TestNG.runSuites(TestNG.java:1039)
at org.testng.TestNG.run(TestNG.java:1007)
at org.testng.remote.AbstractRemoteTestNG.run(AbstractRemoteTestNG.java:115)
at org.testng.remote.RemoteTestNG.initAndRun(RemoteTestNG.java:251)
at org.testng.remote.RemoteTestNG.main(RemoteTestNG.java:77)
]]>
            </full-stacktrace>
          </exception> <!-- org.openqa.selenium.NoSuchElementException -->
          <reporter-output>
          </reporter-output>
        </test-method> <!-- selectAcontact -->
        <test-method is-config="true" signature="tearDown()[pri:0, instance:com.crm.qa.testcases.ContactsPageTest@5939a379]" started-at="2021-01-13T21:00:58 IST" name="tearDown" finished-at="2021-01-13T21:01:00 IST" duration-ms="1781" status="PASS">
          <reporter-output>
          </reporter-output>
        </test-method> <!-- tearDown -->
      </class> <!-- com.crm.qa.testcases.ContactsPageTest -->
    </test> <!-- Default test -->
  </suite> <!-- Default suite -->
</testng-results>
